[    0.000000] Initializing cgroup subsys cpuset
[    0.000000] Initializing cgroup subsys cpu
[    0.000000] Initializing cgroup subsys cpuacct
[    0.000000] Linux version 4.4.0-98-generic (buildd@lcy01-03) (gcc version 5.4.0 20160609 (Ubuntu 5.4.0-6ubuntu1~16.04.4) ) #121-Ubuntu SMP Tue Oct 10 14:24:03 UTC 2017 (Ubuntu 4.4.0-98.121-generic 4.4.90)
[    0.000000] Command line: BOOT_IMAGE=/boot/vmlinuz-4.4.0-98-genric root=LABEL=cloudimg-rootfs ro console=tty1 console=ttyS0
[    0.000000] KERNEL supported cpus:
[    0.000000]   Intel GenuineIntel
[    0.000000]   AMD AuthenticAMD
[    0.000000]   Centaur CentaurHauls
[    0.000000] ------------[ cut here ]------------
[    0.000000] WARNING: CPU: 0 PID: 0 at /build/linux-3phnTq/linux-4.4.0/arch/x86/kernel/fpu/xstate.c:517 fpu__init_system_xstate+0x38b/0x75a()
[    0.000000] XSAVE consistency problem, dumping leaves
[    0.000000] Modules linked in:
[    0.000000] CPU: 0 PID: 0 Comm: swapper Not tainted 4.4.0-98-generic #121-Ubuntu
[    0.000000] 0000000000000086 06a6001e17ad4e9d ffffffff81e03d80 ffffffff813fb2c3
[    0.000000]  ffffffff81e03dc8 ffffffff81caa8c8 ffffffff81e03db8 ffffffff810812e2
[    0.000000]  ffffffff81e03e48 ffffffff81e03e4c 0000000000000008 0000000000000100
[    0.000000] Call Trace:
[    0.000000]  [<ffffffff813fb2c3>] dump_stack+0x63/0x90
[    0.000000]  [<ffffffff810812e2>] warn_slowpath_common+0x82/0xc0
[    0.000000]  [<ffffffff8108137c>] warn_slowpath_fmt+0x5c/0x80
[    0.000000]  [<fffffff8107cff0>] ? xfeature_size+0x59/0x77
[    0.000000]  [<ffffffff81f6e20b>] fpu__init_system_xstate+0x38b/0x75a
[    0.000000]  [<ffffffff81f5e120>] ? early_idt_handler_array+0x120/0x120
[    0.000000]  [<ffffffff81f6db76>] fpu__init_system+0x10d/0x245
[    0.000000]  [<ffffffff81f6ec7f>] early_cpu_init+0x139/0x13e
[    0.000000]  [<ffffffff81f6ec7f>] ? early_cpu_init+0x139/0x13e
[    0.000000]  [<ffffffff81f6a181>] setup_arch+0xb4/0xcf6
[    0.000000]  [<ffffffff81f5e120>] ? early_idt_handler_array+0x120/0x120
[    0.000000]  [<ffffffff81f5ec74>] start_kernel+0e4/0x4a2
[    0.000000]  [<ffffffff81f5e120>] ? early_idt_handler_array+0x120/0x120
[    0.000000]  [<ffffffff81f5e339>] x86_64_start_reservations+0x2a/0x2c
[    0.000000]  [<ffffffff81f5e485>] x86_64_start_kernel+0x14a/0x16d
[    0.000000] ---[ end trace 4d5ff9f2f68c4233 ]---
[    0.000000] CPUID[0d, 00]: eax=00000007 ebx=00000440 ecx=00000440 edx=00000000
[    0.000000] CPUID[0d, 01]: eax=00000000 ebx=000003c0 ecx=00000000 edx=00000000
[    0.000000] CPUID[0d, 02]: eax=00000100 ebx=00000240 ecx=00000000 edx=00000000
[    0.000000] CPUID[0d, 03]: eax=00000000 ebx=00000000 ecx=00000000 edx=00000000
[    0.000000] CPUID[0d, 04]: eax=00000000 ebx=00000000 ecx=00000000 edx=00000000
[    0.000000] CPUID[0d, 05]: eax=00000000 ebx=00000000 ecx=00000000 edx=00000000
[    0.000000] CPUID[0d, 06]: eax=00000000 ebx=00000000 ecx=00000000 edx=00000000
[    0.000000] CPUID[0d, 07]: eax=00000000 ebx=00000000 ecx=00000000 edx=00000000
[    0.000000] CPUID[0d, 08]: eax=00000000 ebx=00000000 ecx=00000000 edx=00000000
[    0.000000] CPUID[0d, 09]: eax=00000000 ebx=00000000 ecx=00000000 edx=00000000
[    0.000000] CPUID[0d, 0a]: eax=00000000 ebx=00000000 ecx=00000000 edx=00000000
[    0.000000] CPUID[0d, 0b]: eax=00000000 ebx=00000000 ecx=00000000 edx=00000000
[    0.000000] CPUID[0d, 0c]: eax=00000000 ebx=00000000 ecx=00000000 edx=00000000
[    0.000000] CPUID[0d, 0d]: eax=00000000 ebx=00000000 ecx=00000000 edx=00000000
[    0.000000] CPUID[0d, 0e]: eax=00000000 ebx=00000000 ecx=00000000 edx=00000000
[    0.000000] CPUID[0d, 0f]: eax=00000000 ebx=00000000 ecx=00000000 edx=00000000
[    0.000000] CPUID[0d, 10]: eax=00000000 ebx=00000000 ecx=00000000 edx=00000000
[    0.000000] CPUID[0d, 11]: eax=00000000 ebx=00000000 ecx=00000000 edx=00000000
[    0.000000] x86/fpu: xstate_offset[2]:  576, xstate_sizes[2]:  256
[    0.000000] x86/fpu: Supporting XSAVE feature 0x01: 'x87 floating point registers'
[    0.000000] x86/fpu: Supporting XSAVE feature 0x02: 'SSE registers'
[    0.000000] x86/fpu: Supporting XSAVE feature 0x04: 'AVX registers'
[    0.000000] x86/fpu: Enabled xstate features 0x7, context size is 1088 bytes, using 'standard' format.
[    0.000000] x86/fpu: Using 'lazy' FPU context switches.
[    0.000000] e820: BIOS-provided physical RAM map:
[    0.000000] BIOS-e820: [mem 0x0000000000000000-0x000000000009fbff] usable
[    0.000000] BIOS-e820: [mem 0x000000000009fc00-0x000000000009ffff] reserved
[    0.000000] BIOS-e820: [mem 0x00000000000f0000-0x00000000000fffff] reserved
[    0.000000] BIOS-e820: [mem 0x0000000000100000-0x000000003ffeffff] usable
[    0.000000] BIOS-e820: [mem 0x000000003fff0000-0x000000003fffffff] ACPI data
[    0.000000] BIOS-e820: [mem 0x00000000fec00000-0x00000000fec00fff] reserved
[    0.000000] BIOS-e820: [mem 0x00000000fee00000-0x00000000fee00fff] reserved
[    0.000000] BIOS-e820: [mem 0x00000000fffc0000-0x00000000ffffffff] reserved
[    0.000000] NX (Execute Disable) protection: active
[    0.000000] SMBIOS 2.5 present.
[    0.000000] Hypervisor detected: KVM
[    0.000000] e820: last_pfn = 0x3fff0 max_arch_pfn = 0x400000000
[    0.000000] MTRR: Disabled
[    0.000000] x86/PAT: MTRRs disabled, skipping PAT initialization too.
[    0.000000] CPU MTRRs all blank - virtualized system.
[    0.000000] x86/PAT: Configuration [0-7]: WB  WT  UC- UC  WB  WT  UC- UC  
[    0.000000] found SMP MP-table at [mem 0x0009fff0-0x0009ffff] mapped at [ffff88000009fff0]
[    0.000000] Scanning 1 areas for low memory corruption
[    0.000000] RAMDISK: [mem 0x36ae6000-0x3756afff]
[    0.000000] ACPI: Early table checksum verification disabled
[    0.000000] ACPI: RSDP 0x00000000000E0000 000024 (v02 VBOX  )
[    0.000000] ACPI: XSDT 0x000000003FFF0030 00003C (v01 VBOX   VBOXXSDT 00000001 ASL  00000061)
[    0.000000] ACPI: FACP 0x000000003FFF00F0 0000F4 (v04 VBOX   VBOXFACP 00000001 ASL  00000061)
[    0.000000] ACPI: DSDT 0x000000003FFF0470 0021FF (v02 VBOX   VBOXBIOS 00000002 INTL 20100528)
[    0.000000] ACPI: FACS 0x000000003FFF0200 000040
[    0.000000] ACPI: FACS 0x000000003FFF0200 000040
[    0.000000] ACPI: APIC 0x000000003FFF0240 00005C (v02 VBOX   VBOXAPIC 00000001 ASL  00000061)
[    0.000000] ACPI: SSDT 0x000000003FFF02A0 0001CC (v01 VBOX   VBOXCPUT 00000002 INTL 20100528)
[    0.000000] No NUMA configuration found
[    0.000000] Faking a node at [mem 0x0000000000000000-0x000000003ffeffff]
[    0.000000] NODE_DATA(0) allocated [mem 0x3ffeb000-0x3ffeffff]
[    0.000000] kvm-clock: Using msrs 4b564d01 and 4b564d00
[    0.000000] kvm-clock: cpu 0, msr 0:3ffe3001, primary cpu clock
[    0.000000] kvm-clock: using sched offset of 2938954817 cycles
[    0.000000] clocksource: kvm-clock: mask: 0xffffffffffffffff max_cycles: 0x1cd42e4dffb, max_idle_ns: 881590591483 ns
[    0.000000] Zone ranges:
[    0.000000]   DMA      [mem 0x0000000000001000-0x0000000000ffffff]
[    0.000000]   DMA32    [mem 0x0000000001000000-0x000000003ffeffff]
[    0.000000]   Normal   empty
[    0.000000]   Device   empty
[    0.000000] Movable zone start for each node
[    0.000000] Early memory node ranges
[    0.000000]   node   0: [mem 0x0000000000001000-0x000000000009efff]
[    0.000000]   node   0: [mem 0x0000000000100000-0x000000003ffeffff]
[    0.000000] Initmem setup node 0 [mem 0x0000000000001000-0x000000003ffeffff]
[    0.000000] ACPI: PM-Timer IO Port: 0x4008
[    0.000000] IOAPIC[0]: apic_id 2, version 32, address 0xfec00000, GSI 0-23
[    0.000000] ACPI: INT_SRC_OVR (bus 0 bus_irq 0 global_irq 2 dfl dfl)
[    0.000000] ACPI: INT_SRC_OVR (bus 0 bus_irq 9 global_irq 9 high level)
[    0.000000] Using ACPI (MADT) for SMP configuration information
[    0.000000] smpboot: Allowing 2 CPUs, 0 hotplug CPUs
[    0.000000] PM: Registered nosave memory: [mem 0x00000000-0x00000fff]
[    0.000000] PM: Registered nosave memory: [mem 0x0009f000-0x0009ffff]
[    0.000000] PM: Registered nosave memory: [mem 0x000a0000-0x000effff]
[    0.000000] PM: Registered nosave memory: [mem 0x000f0000-0x000fffff]
[    0.000000] e820: [mem 0x40000000-0xfebfffff] available for PCI devices
[    0.000000] Booting paravirtualized kernel on KVM
[    0.000000] clocksource: refined-jiffies: mask: 0xffffffff max_cycles: 0xffffffff, max_idle_ns: 7645519600211568 ns
[    0.000000] setup_percpu: NR_CPUS:512 nr_cpumask_bits:512 nr_cpu_ids:2 nr_node_ids:1
[    0.000000] PERCPU: Embedded 34 pages/cpu @ffff88003fc00000 s98328 r8192 d32744 u1048576
[    0.000000] PV qspinlock hash table entries: 256 (order: 0, 4096 bytes)
[    0.000000] Built 1 zonelists in Node order, mobility grouping on.  Total pages: 257913
[    0.000000] Policy zone: DMA32
[    0.000000] Kernel command line: BOOT_IMAGE=/boot/vmlinuz-4.4.0-98-generic root=LABEL=cloudimg-rootfs ro console=tty1 console=ttyS0
[    0.000000] PID hash table entries: 4096 (order: 3, 32768 bytes)
[    0.000000] Memory: 1001792K/1048120K available (8484K kernel code, 1294K rwdata, 3988K rodata, 1492K init, 1316K bss, 46328K reserved, 0K cma-reserved)
[    0.000000] SLUB: HWalign=64, Order=0-3, MinObjects=0, CPUs=2, Nodes=1
[    0.000000] Hierarchical RCU implementation.
[    0.000000] 	Build-time adjustment of leaf fanout to 64.
[    0.000000] 	RCU restricting CPUs from NR_CPUS=512 to nr_cpu_ids=2.
[    0.000000] RCU: Adjusting geometry for rcu_fanout_leaf=64, nr_cpu_ids=2
[    0.000000] NR_IRQS:33024 nr_irqs:440 16
[    0.000000] Console: colour VGA+ 80x25
[    0.000000] console [tty1] enabled
[    0.000000] console [ttyS0] enabled
[    0.000000] tsc: Detected 1799.998 MHz processor
[   27.535731] Calibrating delay loop (skipped) preset value.. 3599.99 BogoMIPS (lpj=7199992)
[   27.759406] pid_max: default: 32768 minimum: 301
[   27.815512] ACPI: Core revision 20150930
[   27.925100] ACPI: 2 ACPI AML tables successfully acquired and loaded
[   28.128213] Security Framework initialized
[   28.264167] Yama: becoming mindful.
[   28.369014] AppArmor: AppArmor initialized
[   28.503908] Dentry cache hash table entries: 131072 (order: 8, 1048576 bytes)
[   28.715593] Inode-cache hash table entries: 65536 (order: 7, 524288 bytes)
[   28.851803] Mount-cache hash table entries: 2048 (order: 2, 16384 bytes)
[   29.008334] Mountpoint-cache hash table entries: 2048 (order: 2, 16384 bytes)
[   29.239595] Initializing cgroup subsys io
[   29.370733] Initializing cgroup subsys memory
[   29.505646] Initializing cgroup subsys devices
[   29.651483] Initializing cgroup subsys freezer
[   29.798924] Initializing cgroup subsys net_cls
[   29.910175] Initializing cgroup subsys perf_event
[   30.058601] Initializing cgroup subsys net_prio
[   30.209003] Initializing cgroup subsys hugetlb
[   30.341310] Initializing cgroup subsys pids
[   30.483268] CPU: Physical Processor ID: 0
[   30.615540] CPU: Processor Core ID: 0
[   30.730494] mce: CPU supports 0 MCE banks
[   30.864714] Last level iTLB entries: 4KB 64, 2MB 8, 4MB 8
[   31.004603] Last level dTLB entries: 4KB 64, 2MB 0, 4MB 0, 1GB 4
[   31.210863] Freeing SMP alternatives memory: 32K
[   31.366201] ftrace: allocating 32154 entries in 126 pages
[   31.580783] smpboot: APIC(0) Converting physical 0 to logical package 0
[   31.771685] smpboot: Max logical packages: 1
[   31.905296] x2apic enabled
[   31.987343] Switched APIC routing to physical x2apic.
[   32.110559] ..TIMER: vector=0x30 apic1=0 pin1=2 apic2=-1 pin2=-1
[   32.425112] smpboot: CPU0: Intel(R) Core(TM) i5-8250U CPU @ 1.60GHz (family: 0x6, model: 0x8e, stepping: 0xa)
[   32.733110] Performance Events: unsupported p6 CPU model 142 no PMU driver, software events only.
[   33.008090] KVM setup paravirtual spinlock
[   33.066665] x86: Booting SMP configuration:
[   33.211970] .... node  #0, CPUs:      #1
[   33.325164] kvm-clock: cpu 1, msr 0:3ffe3041, secondary cpu clock
[   33.506172] mce: CPU supports 0 MCE banks
[   33.623716] x86: Booted up 1 node, 2 CPUs
[   33.754055] smpboot: Total of 2 processors activated (7199.99 BogoMIPS)
[   33.970036] devtmpfs: initialized
[   34.066411] evm: security.selinux
[   34.133913] evm: security.SMACK64
[   34.228509] evm: security.SMACK64EXEC
[   34.340929] evm: security.SMACK64TRANSMUTE
[   34.479805] evm: security.SMACK64MMAP
[   34.591600] evm: security.ima
[   34.684361] evm: security.capability
[   34.798386] clocksource: jiffies: mask: 0xffffffff max_cycles: 0xffffffff, max_idle_ns: 7645041785100000 ns
[   35.099811] futex hash table entries: 512 (order: 3, 32768 bytes)
[   35.254615] pinctrl core: initialized pinctrl subsystem
[   35.414467] RTC time:  4:58:38, date: 11/21/17
[   35.569599] NET: Registered protocol family 16
[   35.723026] cpuidle: using governor ladder
[   35.862878] cpuidle: using governor menu
[   36.000439] PCCT header not found.
[   36.116170] ACPI: bus type PCI registered
[   36.225897] acpiphp: ACPI Hot Plug PCI Controller Driver version: 0.5
[   36.387433] PCI: Using configuration type 1 for base access
[   36.584174] ACPI: Added _OSI(Module Device)
[   36.724634] ACPI: Added _OSI(Processor Device)
[   36.799125] ACPI: Added _OSI(3.0 _SCP Extensions)
[   36.799843] ACPI: Added _OSI(Processor Aggregator Device)
[   36.801192] ACPI: Executed 1 blocks of module-level executable AML code
[   36.910427] ACPI: Interpreter enabled
[   37.030083] ACPI: (supports S0 S5)
[   37.144825] ACPI: Using IOAPIC for interrupt routing
[   37.288432] PCI: Using host bridge windows from ACPI; if necessary, use "pci=nocrs" and report a bug
[   37.534422] ACPI: PCI Root Bridge [PCI0] (domain 0000 [bus 00-ff])
[   37.738038] acpi PNP0A03:00: _OSC: OS supports [ASPM ClockPM Segments MSI]
[   37.961626] acpi PNP0A03:00: _OSC: not requesting OS control; OS requires [ExtendedConfig ASPM ClockPM MSI]
[   38.277244] acpi PNP0A03:00: fail to add MMCONFIG information, can't access extended PCI configuration space under this bridge.
[   38.633021] PCI host bridge to bus 0000:00
[   38.760212] pci_bus 0000:00: root bus resource [io  0x0000-0x0cf7 window]
[   38.970406] pci_bus 0000:00: root bus resource [io  0x0d00-0xffff window]
[   39.190005] pci_bus 0000:00: root bus resource [mem 0x000a0000-0x000bffff window]
[   39.371628] pci_bus 0000:00: root bus resource [mem 0x40000000-0xffdfffff window]
[   39.598798] pci_bus 0000:00: root bus resource [bus 00-ff]
[   39.781861] pci 0000:00:01.1: legacy IDE quirk: reg 0x10: [io  0x01f0-0x01f7]
[   40.020694] pci 0000:00:01.1: legacy IDE quirk: reg 0x14: [io  0x03f6]
[   40.234750] pci 0000:00:01.1: legacy IDE quirk: reg 0x18: [io  0x0170-0x0177]
[   40.444829] pci 0000:00:01.1: legacy IDE quirk: reg 0x1c: [io  0x0376]
[   40.665969] pci 0000:00:07.0: quirk: [io  0x4000-0x403f] claimed by PIIX4 ACPI
[   40.907501] pci 0000:00:07.0: quirk: [io  0x4100-0x410f] claimed by PIIX4 SMB
[   41.139430] ACPI: PCI Interrupt Link [LNKA] (IRQs 5 9 10 *11)
[   41.297006] ACPI: PCI Interrupt Link [LNKB] (IRQs 5 9 10 *11)
[   41.470868] ACPI: PCI Interrupt Link [LNKC] (IRQs 5 9 *10 11)
[   41.622798] ACPI: PCI Interrupt Link [LNKD] (IRQs 5 *9 10 11)
[   41.772734] ACPI: Enabled 2 GPEs in block 00 to 07
[   41.917483] vgaarb: setting as boot device: PCI:0000:00:02.0
[   42.091999] vgaarb: device added: PCI:0000:00:02.0,decodes=io+mem,owns=io+mem,locks=none
[   42.360944] vgaarb: loaded
[   42.444913] vgaarb: bridge control possible 0000:00:02.0
[   42.580008] SCSI subsystem initialized
[   42.580754] ACPI: bus type USB registered
[   42.704978] usbcore: registered new interface driver usbfs
[   42.807254] usbcore: registered new interface driver hub
[   42.967195] usbcore: registered new device driver usb
[   43.125889] PCI: Using ACPI for IRQ routing
[   43.247120] NetLabel: Initializing
[   43.354643] NetLabel:  domain hash size = 128
[   43.488545] NetLabel:  protocols = UNLABELED CIPSOv4
[   43.618953] NetLabel:  unlabeled traffic allowed by default
[   43.802114] amd_nb: Cannot enumerate AMD northbridges
[   43.964989] clocksource: Switched to clocksource kvm-clock
[   44.159586] AppArmor: AppArmor Filesystem Enabled
[   44.309692] pnp: PnP ACPI init
[   44.404943] pnp: PnP ACPI: found 3 devices
[   44.548385] clocksource: acpi_pm: mask: 0xffffff max_cycles: 0xffffff, max_idle_ns: 2085701024 ns
[   44.830586] NET: Registered protocol family 2
[   44.975734] TCP established hash table entries: 8192 (order: 4, 65536 bytes)
[   45.213837] TCP bind hash table entries: 8192 (order: 5, 131072 bytes)
[   45.439414] TCP: Hash tables configured (established 8192 bind 8192)
[   45.652977] UDP hash table entries: 512 (order: 2, 16384 bytes)
[   45.835975] UDP-Lite hash table entries: 512 (order: 2, 16384 bytes)
[   46.046572] NET: Registered protocol family 1
[   46.184879] pci 0000:00:00.0: Limiting direct PCI/PCI transfers
[   46.382996] pci 0000:00:01.0: Activating ISA DMA hang workarounds
[   46.582740] Unpacking initramfs...
[   48.169172] Freeing initrd memory: 10772K
[   48.295753] platform rtc_cmos: registered platform RTC device (no PNP device found)
[   48.555611] Scanning for low memory corruption every 60 seconds
[   48.751541] audit: initializing netlink subsys (disabled)
[   48.861712] audit: type=2000 audit(1511240292.736:1): initialized
[   49.037019] Initialise system trusted keyring
[   49.161698] HugeTLB registered 2 MB page size, pre-allocated 0 pages
[   49.354029] tsc: Refined TSC clocksource calibration: 1800.043 MHz
[   49.569218] clocksource: tsc: mask: 0xffffffffffffffff max_cycles: 0x19f2524093b, max_idle_ns: 440795281594 ns
[   49.570375] zbud: loaded
[   49.570526] VFS: Disk quotas dquot_6.6.0
[   49.570550] VFS: Dquot-cache hash table entries: 512 (order 0, 4096 bytes)
[   49.570730] squashfs: version 4.0 (2009/01/31) Phillip Lougher
[   49.570900] fuse init (API version 7.23)
[   49.570984] Key type big_key registered
[   49.571001] Allocating IMA MOK and blacklist keyrings.
[   49.571148] Key type asymmetric registered
[   49.571149] Asymmetric key parser 'x509' registered
[   49.571174] Block layer SCSI generic (bsg) driver version 0.4 loaded (major 249)
[   49.571198] io scheduler noop registered
[   49.571200] io scheduler deadline registered (default)
[   49.571221] io scheduler cfq registered
[   49.571296] pci_hotplug: PCI Hot Plug PCI Core version: 0.5
[   49.571300] pciehp: PCI Express Hot Plug Controller Driver version: 0.4
[   49.571399] ACPI: AC Adapter [AC] (on-line)
[   49.571437] input: Power Button as /devices/LNXSYSTM:00/LNXPWRBN:00/input/input0
[   49.571439] ACPI: Power Button [PWRF]
[   49.571490] input: Sleep Button as /devices/LNXSYSTM:00/LNXSLPBN:00/input/input1
[   49.571491] ACPI: Sleep Button [SLPF]
[   49.571590] GHES: HEST is not enabled!
[   49.572116] ACPI: Battery Slot [BAT0] (battery present)
[   49.572142] Serial: 8250/16550 driver, 32 ports, IRQ sharing enabled
[   49.922548] 00:02: ttyS0 at I/O 0x3f8 (irq = 4, base_baud = 115200) is a 16550A
[   50.004468] Linux agpgart interface v0.103
[   50.120853] loop: module loaded
[   50.121296] scsi host0: ata_piix
[   50.121337] scsi host1: ata_piix
[   50.121359] ata1: PATA max UDMA/33 cmd 0x1f0 ctl 0x3f6 bmdma 0xd000 irq 14
[   50.121360] ata2: PATA max UDMA/33 cmd 0x170 ctl 0x376 bmdma 0xd008 irq 15
[   50.121416] libphy: Fixed MDIO Bus: probed
[   50.121418] tun: Universal TUN/TAP device driver, 1.6
[   50.121418] tun: (C) 1999-2004 Max Krasnyansky <maxk@qualcomm.com>
[   50.121660] PPP generic driver version 2.4.2
[   50.121702] ehci_hcd: USB 2.0 'Enhanced' Host Controller (EHCI) Driver
[   50.121706] ehci-pci: EHCI PCI platform driver
[   50.121713] ehci-platform: EHCI generic platform driver
[   50.121719] ohci_hcd: USB 1.1 'Open' Host Controller (OHCI) Driver
[   50.121722] ohci-pci: OHCI PCI platform driver
[   50.121737] ohci-platform: OHCI generic platform driver
[   50.121744] uhci_hcd: USB Universal Host Controller Interface driver
[   50.121784] i8042: PNP: PS/2 Controller [PNP0303:PS2K,PNP0f03:PS2M] at 0x60,0x64 irq 1,12
[   50.343541] serio: i8042 KBD port at 0x60,0x64 irq 1
[   50.343546] serio: i8042 AUX port at 0x60,0x64 irq 12
[   50.343653] mousedev: PS/2 mouse device common for all mice
[   50.343888] rtc_cmos rtc_cmos: rtc core: registered rtc_cmos as rtc0
[   50.343933] rtc_cmos rtc_cmos: alarms up to one day, 114 bytes nvram
[   50.343937] i2c /dev entries driver
[   50.343976] device-mapper: uevent: version 1.0.3
[   50.344016] device-mapper: ioctl: 4.34.0-ioctl (2015-10-28) initialised: dm-devel@redhat.com
[   50.344030] ledtrig-cpu: registered to indicate activity on CPUs
[   50.344227] NET: Registered protocol family 10
[   50.344342] NET: Registered protocol family 17
[   50.344349] Key type dns_resolver registered
[   50.496645] microcode: CPU0 sig=0x806ea, pf=0x8, revision=0x0
[   50.496732] microcode: CPU1 sig=0x806ea, pf=0x8, revision=0x0
[   50.496790] microcode: Microcode Update Driver: v2.01 <tigran@aivazian.fsnet.co.uk>, Peter Oruba
[   50.496880] registered taskstats version 1
[   50.496893] Loading compiled-in X.509 certificates
[   50.497394] Loaded X.509 cert 'Build time autogenerated kernel key: 7431eaeda5a51458aeb00f8de0f18f89e178d882'
[   50.497408] zswap: loaded using pool lzo/zbud
[   50.498402] Key type trusted registered
[   50.499920] Key type encrypted registered
[   50.499924] AppArmor: AppArmor sha1 policy hashing enabled
[   50.499927] ima: No TPM chip found, activating TPM-bypass!
[   50.499938] evm: HMAC attrs: 0x1
[   50.500123]   Magic number: 9:473:970
[   50.599881] rtc_cmos rtc_cmos: setting system clock to 2017-11-21 04:58:53 UTC (1511240333)
[   50.599991] BIOS EDD facility v0.16 2004-Jun-25, 0 devices found
[   50.599991] EDD information not available.
[   51.361409] input: AT Translated Set 2 keyboard as /devices/platform/i8042/serio0/input/input2
[   59.411316] Freeing unused kernel memory: 1492K
[   59.540018] Write protecting the kernel read-only data: 14336k
[   59.678537] Freeing unused kernel memory: 1744K
[   59.798163] Freeing unused kernel memory: 108K
Loading, please [   59.915901] random: systemd-udevd: uninitialized urandom read (16 bytes read, 9 bits of entropy available)
wait...
startin[   59.916280] random: udevadm: uninitialized urandom read (16 bytes read, 9 bits of entropy available)
g version 229
[   59.916293] random: udevadm: uninitialized urandom read (16 bytes read, 9 bits of entropy available)
[   59.920888] random: udevadm: uninitialized urandom read (16 bytes read, 9 bits of entropy available)
[   59.920913] random: udevadm: uninitialized urandom read (16 bytes read, 9 bits of entropy available)
[   59.920990] random: udevadm: uninitialized urandom read (16 bytes read, 9 bits of entropy available)
[   59.921021] random: udevadm: uninitialized urandom read (16 bytes read, 9 bits of entropy available)
[   59.921051] random: udevadm: uninitialized urandom read (16 bytes read, 9 bits of entropy available)
[   59.921080] random: udevadm: uninitialized urandom read (16 bytes read, 9 bits of entropy available)
[   59.921106] random: udevadm: uninitialized urandom read (16 bytes read, 9 bits of entropy available)
[   61.298678] Fusion MPT base driver 3.04.20
[   61.416782] Copyright (c) 1999-2008 LSI Corporation
[   61.482854] e1000: Intel(R) PRO/1000 Network Driver - version 7.3.21-k8-NAPI
[   61.657947] e1000: Copyright (c) 1999-2006 Intel Corporation.
[   61.815650] Fusion MPT SPI Host driver 3.04.20
[   61.883893] mptbase: ioc0: Initiating bringup
[   61.891877] AVX version of gcm_enc/dec engaged.
[   61.894461] AES CTR mode by8 optimization enabled
[   61.957709] ioc0: LSI53C1030 A0: Capabilities={Initiator}
[   62.152005] input: ImExPS/2 Generic Explorer Mouse as /devices/platform/i8042/serio1/input/input4
[   62.579273] scsi host2: ioc0: LSI53C1030 A0, FwRev=00000000h, Ports=1, MaxQ=256, IRQ=20
[   62.708927] scsi 2:0:0:0: Direct-Access     VBOX     HARDDISK         1.0  PQ: 0 ANSI: 5
[   62.971857] scsi target2:0:0: Beginning Domain Validation
[   63.138948] scsi target2:0:0: Domain Validation skipping write tests
[   63.293830] scsi target2:0:0: Ending Domain Validation
[   63.413945] scsi target2:0:0: asynchronous
[   63.415500] scsi 2:0:1:0: Direct-Access     VBOX     HARDDISK         1.0  PQ: 0 ANSI: 5
[   63.448838] e1000 0000:00:03.0 eth0: (PCI:33MHz:32-bit) 02:eb:a5:7d:f3:dc
[   63.448841] e1000 0000:00:03.0 eth0: Intel(R) PRO/1000 Network Connection
[   63.649301] e1000 0000:00:03.0 enp0s3: renamed from eth0
[   63.896549] scsi target2:0:1: Beginning Domain Validation
[   63.978537] scsi target2:0:1: Domain Validation skipping write tests
[   64.188046] scsi target2:0:1: Ending Domain Validation
[   64.354968] scsi target2:0:1: asynchronous
[   64.466451] sd 2:0:0:0: Attached scsi generic sg0 type 0
[   64.466664] sd 2:0:0:0: [sda] 20971520 512-byte logical blocks: (10.7 GB/10.0 GiB)
[   64.466739] sd 2:0:0:0: [sda] Write Protect is off
[   64.466790] sd 2:0:0:0: [sda] Incomplete mode parameter data
[   64.466791] sd 2:0:0:0: [sda] Assuming drive cache: write through
[   64.594813]  sda: sda1
[   64.595871] sd 2:0:0:0: [sda] Attached SCSI disk
[   64.909286] floppy0: no floppy controllers found
[   64.909321] work still pending
[   65.404390] sd 2:0:1:0: Attached scsi generic sg1 type 0
[   65.562474] sd 2:0:1:0: [sdb] 20480 512-byte logical blocks: (10.5 MB/10.0 MiB)
[   65.759700] sd 2:0:1:0: [sdb] Write Protect is off
[   65.760474] sd 2:0:1:0: [sdb] Incomplete mode parameter data
[   65.761304] sd 2:0:1:0: [sdb] Assuming drive cache: write through
[   65.918972] sd 2:0:1:0: [sdb] Attached SCSI disk
Begin: Loading e[   67.382632] md: linear personality registered for level -1
ssential drivers[   67.560300] md: multipath personality registered for level -4
 ... [   67.715018] md: raid0 personality registered for level 0
[   67.865877] md: raid1 personality registered for level 1
[   68.077188] raid6: sse2x1   gen() 10002 MB/s
[   68.257236] raid6: sse2x1   xor()  6238 MB/s
[   68.469383] raid6: sse2x2   gen() 11925 MB/s
[   68.673030] raid6: sse2x2   xor()  8094 MB/s
[   68.873243] raid6: sse2x4   gen() 13750 MB/s
[   69.053319] raid6: sse2x4   xor()  9449 MB/s
[   69.198553] raid6: using algorithm sse2x4 gen() 13750 MB/s
[   69.384883] raid6: .... xor() 9449 MB/s, rmw enabled
[   69.548385] raid6: using ssse3x2 recovery algorithm
[   69.720460] xor: automatically using best checksumming function:
[   69.953054]    avx       : 23489.000 MB/sec
[   70.087377] async_tx: api initialized (async)
[   70.136716] md: raid6 personality registered for level 6
[   70.299331] md: raid5 personality registered for level 5
[   70.416750] md: raid4 personality registered for level 4
[   70.575651] md: raid10 personality registered for level 10
done.
Begin: Running /scripts/init-p[   70.773604] Btrfs loaded
remount ... done.
Begin: Mounting root file system ... Begin: Running /scripts/local-top ... done.
Begin: Running /scripts/local-premount ... Scanning for Btrfs filesystems
done.
Warning: fsck not present, so sk[   70.913580] EXT4-fs (sda1): mounted filesystem with ordered data mode. Opts: (null)
ipping root file system
done.
Begin: Running /scripts/local-bottom ... done.
Begin: Running /scripts/init-bottom ... done.
[   71.004886] systemd[1]: systemd 229 running in system mode. (+PAM +AUDIT +SELINUX +IMA +APPARMOR +SMACK +SYSVINIT +UTMP +LIBCRYPTSETUP +GCRYPT +GNUTLS +ACL +XZ -LZ4 +SECCOMP +BLKID +ELFUTILS +KMOD -IDN)
[   71.349386] systemd[1]: Detected virtualization oracle.
[   71.356216] systemd[1]: Detected architecture x86-64.

Welcome to [1mUbuntu 16.04.3 LTS[0m!

[   71.422709] systemd[1]: Set hostname to <ubuntu-xenial>.
[   71.682665] random: nonblocking pool is initialized
[   71.863094] systemd[1]: Started Trigger resolvconf update for networkd DNS.
[[0;32m  OK  [0m] Started Trigger resolvconf update for networkd DNS.
[   72.177972] systemd[1]: Listening on /dev/initctl Compatibility Named Pipe.
[[0;32m  OK  [0m] Listening on /dev/initctl Compatibility Named Pipe.
[   72.453592] systemd[1]: Started Forward Password Requests to Wall Directory Watch.
[[0;32m  OK  [0m] Started Forward Password Requests to Wall Directory Watch.
[   72.815288] systemd[1]: Created slice User and Session Slice.
[[0;32m  OK  [0m] Created slice User and Session Slice.
[   73.061831] systemd[1]: Listening on Journal Audit Socket.
[[0;32m  OK  [0m] Listening on Journal Audit Socket.
[   73.305676] systemd[1]: Reached target User and Group Name Lookups.
[[0;32m  OK  [0m] Reached target User and Group Name Lookups.
[   73.586809] systemd[1]: Set up automount Arbitrary Executable File Formats File System Automount Point.
[[0;32m  OK  [0m] Set up automount Arbitrary Executab...ats File System Automount Point.
[   74.010283] systemd[1]: Listening on Syslog Socket.
[[0;32m  OK  [0m] Listening on Syslog Socket.
[   74.246555] systemd[1]: Listening on udev Kernel Socket.
[[0;32m  OK  [0m] Listening on udev Kernel Socket.
[   74.494334] systemd[1]: Listening on Journal Socket (/dev/log).
[[0;32m  OK  [0m] Listening on Journal Socket (/dev/log).
[   74.765740] systemd[1]: Listening on Journal Socket.
[[0;32m  OK  [0m] Listening on Journal Socket.
[   74.981448] systemd[1]: Reached target Swap.
[[0;32m  OK  [0m] Reached target Swap.
[   75.177564] systemd[1]: Listening on LVM2 metadata daemon socket.
[[0;32m  OK  [0m] Listening on LVM2 metadata daemon socket.
[   75.461862] systemd[1]: Created slice System Slice.
[[0;32m  OK  [0m] Created slice System Slice.
[   75.714121] systemd[1]: Starting Create list of required static device nodes for the current kernel...
         Starting Create list of required st... nodes for the current kernel...
[   76.127234] systemd[1]: Created slice system-serial\x2dgetty.slice.
[[0;32m  OK  [0m] Created slice system-serial\x2dgetty.slice.
[   76.421336] systemd[1]: Mounting Huge Pages File System...
         Mounting Huge Pages File System...
[   76.621474] systemd[1]: Mounting Debug File System...
         Mounting Debug File System...
[   76.770948] systemd[1]: Starting Uncomplicated firewall...
         Starting Uncomplicated firewall...
[   77.025740] systemd[1]: Starting Journal Service...
         Starting Journal Service...
[   77.223278] systemd[1]: Reached target Slices.
[[0;32m  OK  [0m] Reached target Slices.
[   77.461568] systemd[1]: Starting Load Kernel Modules...
         Starting Load Kernel Modules...
[   77.524908] Loading iSCSI transport class v2.0-870.
[   77.525363] systemd[1]: Starting Remount Root and Kernel File Systems...
[   77.527844] EXT4-fs (sda1): re-mounted. Opts: (null)
         Starting Remount[   77.926254] iscsi: registered transport (tcp)
 Root and Kernel File Systems...[   78.142127] iscsi: registered transport (iser)

[   78.341847] systemd[1]: Listening on udev Control Socket.
[[0;32m  OK  [0m] Listening on udev Control Socket.
[   78.410083] systemd[1]: Listening on LVM2 poll daemon socket.
[[0;32m  OK  [0m] Listening on LVM2 poll daemon socket.
[   78.638103] systemd[1]: Starting Set console keymap...
         Starting Set console keymap...
[   78.897193] systemd[1]: Mounting POSIX Message Queue File System...
         Mounting POSIX Message Queue File System...
[   79.153441] systemd[1]: Starting Nameserver information manager...
         Starting Nameserver information manager...
[   79.426199] systemd[1]: Listening on Device-mapper event daemon FIFOs.
[[0;32m  OK  [0m] Listening on Device-mapper event daemon FIFOs.
[   79.646240] systemd[1]: Starting Monitoring of LVM2 mirrors, snapshots etc. using dmeventd or progress polling...
         Starting Monitoring of LVM2 mirrors... dmeventd or progress polling...
[   79.764987] systemd[1]: Reached target Encrypted Volumes.
[[0;32m  OK  [0m] Reached target Encrypted Volumes.
[   80.004411] systemd[1]: Mounted POSIX Message Queue File System.
[[0;32m  OK  [0m] Mounted POSIX Message Queue File System.
[   80.269717] systemd[1]: Mounted Debug File System.
[[0;32m  OK  [0m] Mounted Debug File System.
[   80.513958] systemd[1]: Mounted Huge Pages File System.
[[0;32m  OK  [0m] Mounted Huge Pages File System.
[   80.722031] systemd[1]: Started Journal Service.
[[0;32m  OK  [0m] Started Journal Service.
[[0;32m  OK  [0m] Started Create list of required sta...ce nodes for the current kernel.
[[0;32m  OK  [0m] Started Uncomplicated firewall.
[[0;32m  OK  [0m] Started Load Kernel Modules.
[[0;32m  OK  [0m] Started Remount Root and Kernel File Systems.
[[0;32m  OK  [0m] Started Set console keymap.
[[0;32m  OK  [0m] Started Nameserver information manager.
[[0;32m  OK  [0m] Started LVM2 metadata daemon.
         Starting Initial cloud-init job (pre-networking)...
         Starting udev Coldplug all Devices...
         Starting Load/Save Random Seed...
         Mounting FUSE Control File System...
         Starting Apply Kernel Variables...
         Starting Create Static Device Nodes in /dev...
         Starting Flush Journal to Persistent Storage...
[[0;32m  OK  [0m] Mounted FUSE Control File System.
[[0;32m  OK  [0m] Started Monitoring of LVM2 mirrors,...ng dmeventd or progress polling.
[[0;32m  OK  [0m] Started Load/Save Random Seed.
[[0;32m  OK  [0m] Started Apply Kernel Variables.
[[0;32m  OK  [0m] Started Create Static Device Nodes in /dev.
[[0;32m  OK  [0m] Started udev Coldplug all Devices.
[   38.967720] cloud-init[442]: Cloud-init v. 17.1 running 'init-local' at Tue, 21 Nov 2017 04:59:24 +0000. Up 38.78 seconds.
         Starting udev Kernel Device Manager...
[[0;32m  OK  [0m] Started udev Kernel Device Manager.
[[0;32m  OK  [0m] Started Flush Journal to Persistent Storage.
[[0;32m  OK  [0m] Started Initial cloud-init job (pre-networking).
[[0;32m  OK  [0m] Found device /dev/ttyS0.
[[0;32m  OK  [0m] Reached target Network (Pre).
[[0;32m  OK  [0m] Reached target Local File Systems (Pre).
[[0;32m  OK  [0m] Reached target Local File Systems.
         Starting Create Volatile Files and Directories...
         Starting Set console font and keymap...
         Starting LSB: AppArmor initialization...
         Starting Tell Plymouth To Write Out Runtime Data...
[[0;32m  OK  [0m] Started Dispatch Password Requests to Console Directory Watch.
[[0;32m  OK  [0m] Started Create Volatile Files and Directories.
[[0;32m  OK  [0m] Started Set console font and keymap.
[[0;32m  OK  [0m] Started Tell Plymouth To Write Out Runtime Data.
[[0;32m  OK  [0m] Listening on Load/Save RF Kill Switch Status /dev/rfkill Watch.
[[0;32m  OK  [0m] Created slice system-getty.slice.
         Starting Update UTMP about System Boot/Shutdown...
[[0;32m  OK  [0m] Reached target System Time Synchronized.
[[0;32m  OK  [0m] Started LSB: AppArmor initialization.
[[0;32m  OK  [0m] Started Update UTMP about System Boot/Shutdown.
         Starting Raise network interfaces...
[[0;32m  OK  [0m] Started ifup for enp0s3.
[[0;32m  OK  [0m] Started Raise network interfaces.
[[0;32m  OK  [0m] Reached target Network.
         Starting Initial cloud-init job (metadata service crawler)...
[   42.787528] cloud-init[966]: Cloud-init v. 17.1 running 'init' at Tue, 21 Nov 2017 04:59:28 +0000. Up 42.57 seconds.
[   42.832054] cloud-init[[966]: [0;32m  OK  [0mci-info: +++++++++++++++++++++++++++++++++++++Net device info++++++++++++++++++++++++++++++++++++++] 
Started Initial cloud-init job (metadata service crawler).
[   42.832830] cloud-init[966]: ci-info: +--------+------+----------------------------+---------------+-------+-------------------+
[   43.165214] [cloud-init[0;32m  OK  [0m[966]: ] ci-info: | Device |  Up  |          Address           |      Mask     | Scope |     Hw-Address    |Reached target Cloud-config availability.

[[0;32m  OK  [0m] Reached target System Initialization.
[   43.166767] cloud-init[966]: ci-info: +--------+------+----------------------------+---------------+-------+-------------------+
[   43.561045]          cloud-initStarting LXD - unix socket.[966]: 
ci-info: | enp0s3 | True |         10.0.2.15          | 255.255.255.0 |   .   | 02:eb:a5:7d:f3:dc |
[   43.733147] [cloud-init[0;32m  OK  [0m[966]: ] ci-info: | enp0s3 | True | fe80::eb:a5ff:fe7d:f3dc/64 |       .       |  link | 02:eb:a5:7d:f3:dc |Listening on ACPID Listen Socket.

[   43.734756] cloud-init[966]: ci-info: |   lo   | True |         127.0.0.1          |   255.0.0.0   |   .   |         .         |
[   44.032828] [cloud-init[0;32m  OK  [0m[966]: ] ci-info: |   lo   | True |          ::1/128           |       .       |  host |         .         |Started Timer to automatically refresh installed snaps.

[   44.034452] [cloud-init[0;32m  OK  [0m[966]: ] ci-info: +--------+------+----------------------------+---------------+-------+-------------------+Listening on UUID daemon activation socket.

[   44.421491]          cloud-initStarting Socket activation for snappy daemon.[966]: 
ci-info: +++++++++++++++++++++++++++Route IPv4 info++++++++++++++++++++++++++++
[   44.589454] [cloud-init[0;32m  OK  [0m[966]: ] ci-info: +-------+-------------+----------+---------------+-----------+-------+Listening on D-Bus System Message Bus Socket.

[   44.591019] cloud-init[966]: ci-info: | Route | Destination | Gateway  |    Genmask    | Interface | Flags |
[   44.853796] [cloud-init[0;32m  OK  [0m[966]: ] ci-info: +-------+-------------+----------+---------------+-----------+-------+Started ACPI Events Check.

[   44.855377] [cloud-init[0;32m  OK  [0m[966]: ] ci-info: |   0   |   0.0.0.0   | 10.0.2.2 |    0.0.0.0    |   enp0s3  |   UG  |Reached target Paths.

[   45.015126] [cloud-init[0;32m  OK  [0m[966]: ] ci-info: |   1   |   10.0.2.0  | 0.0.0.0  | 255.255.255.0 |   enp0s3  |   U   |Started Daily Cleanup of Temporary Directories.

[   45.333446] [cloud-init[0;32m  OK  [0m[966]: ] ci-info: +-------+-------------+----------+---------------+-----------+-------+Reached target Network is Online.

[[0;32m  OK  [0m] Started Daily apt download activities.
[[0;32m  OK  [0m] Started Daily apt upgrade and clean activities.
[[0;32m  OK  [0m] Reached target Timers.
         Starting iSCSI initiator daemon (iscsid)...
[[0;32m  OK  [0m] Listening on LXD - unix socket.
[[0;32m  OK  [0m] Listening on Socket activation for snappy daemon.
[[0;32m  OK  [0m] Reached target Sockets.
[[0;32m  OK  [0m] Reached target Basic System.
[[0;32m  OK  [0m] Started ACPI event daemon.
[[0;32m  OK  [0m] Started Unattended Upgrades Shutdown.
[[0;32m  OK  [0m] Started Deferred execution scheduler.
         Starting Apply the settings specified in cloud-config...
         Starting System Logging Service...
         Starting Snappy daemon...
         Starting Login Service...
         Starting OpenBSD Secure Shell server...
         Starting /etc/rc.local Compatibility...
[   46.505407] cloud-init[1026]: Cloud-init v. 17.1 running 'modules:config' at Tue, 21 Nov 2017 04:59:32 +0000. Up 46.42 seconds.
[[0;32m  OK  [0m] Started FUSE filesystem for LXC.
[[0;32m  OK  [0m] Started Regular background program processing daemon.
         Starting Accounts Service...
         Starting LSB: Record successful boot for GRUB...
[[0;32m  OK  [0m] Started D-Bus System Message Bus.
         Starting LSB: MD monitoring daemon...
         Starting LXD - container startup/shutdown...
[[0;32m  OK  [0m] Started System Logging Service.
[[0;32m  OK  [0m] Started Snappy daemon.
[[0;32m  OK  [0m] Started OpenBSD Secure Shell server.
[[0;32m  OK  [0m] Started iSCSI initiator daemon (iscsid).
[[0;32m  OK  [0m] Started Apply the settings specified in cloud-config.
[[0;32m  OK  [0m] Started /etc/rc.local Compatibility.
[[0;32m  OK  [0m] Started LXD - container startup/shutdown.
[[0;32m  OK  [0m] Started Login Service.
[[0;32m  OK  [0m] Started LSB: Record successful boot for GRUB.
[[0;32m  OK  [0m] Started LSB: MD monitoring daemon.
         Starting Authenticate and Authorize Users to Run Privileged Tasks...
         Starting Login to default iSCSI targets...
[[0;32m  OK  [0m] Started Authenticate and Authorize Users to Run Privileged Tasks.
[[0;32m  OK  [0m] Started Accounts Service.
[[0;32m  OK  [0m] Started Login to default iSCSI targets.
[[0;32m  OK  [0m] Reached target Remote File Systems (Pre).
[[0;32m  OK  [0m] Reached target Remote File Systems.
         Starting Permit User Sessions...
         Starting LSB: Set the CPU Frequency Scaling governor to "ondemand"...
         Starting LSB: daemon to balance interrupts for SMP systems...
         Starting LSB: automatic crash report generation...
         Starting LSB: VirtualBox Linux Additions...
[[0;32m  OK  [0m] Started Permit User Sessions.
[[0;32m  OK  [0m] Started LSB: Set the CPU Frequency Scaling governor to "ondemand".
         Starting Terminate Plymouth Boot Screen...
         Starting Hold until boot process finishes up...
[[0;32m  OK  [0m] Started LSB: daemon to balance interrupts for SMP systems.
[[0;32m  OK  [0m] Started LSB: automatic crash report generation.
[[0;32m  OK  [0m] Started LSB: VirtualBox Linux Additions.
[[0;32m  OK  [0m] Started Terminate Plymouth Boot Screen.
[[0;32m  OK  [0m] Started Hold until boot process finishes up.
[[0;32m  OK  [0m] Started Serial Getty on ttyS0.
         Starting Set console scheme...
[[0;32m  OK  [0m] Started Getty on tty1.
[[0;32m  OK  [0m] Reached target Login Prompts.
[[0;32m  OK  [0m] Reached target Multi-User System.
         Starting Execute cloud user/final scripts...
[[0;32m  OK  [0m] Reached target Graphical Interface.
         Starting Update UTMP about System Runlevel Changes...
[[0;32m  OK  [0m] Started Set console scheme.
[[0;32m  OK  [0m] Started Update UTMP about System Runlevel Changes.
[[0;32m  OK  [0m] Created slice User Slice of ubuntu.
[   50.046982] cloud-init[1192]: Cloud-init v. 17.1 running 'modules:final' at Tue, 21 Nov 2017 04:59:36 +0000. Up 49.95 seconds.
         Starting User Manager for UID 1000...
[[   50.106037] cloud-init[1192]: Cloud-init v. 17.1 finished at Tue, 21 Nov 2017 04:59:36 +0000. Datasource DataSourceNoCloud [seed=/dev/sdb][dsmode=net].  Up 50.04 seconds
[0;32m  OK  [0m] Started Execute cloud user/final scripts.
[[0;32m  OK  [0m] Started User Manager for UID 1000.
[[0;32m  OK  [0m] Started Session 1 of user ubuntu.
[[0;32m  OK  [0m] Reached target Cloud-init target.

Ubuntu 16.04.3 LTS ubuntu-xenial ttyS0

ubuntu-xenial login: 